2013/10/05 03:45:53 [error] [exception.CHttpException.403] exception 'CHttpException' with message 'You are not allowed to access this page.' in /Users/usuario/Desktop/facebookTaller/yii-1.1.13.e9e4a0/framework/gii/GiiModule.php:168
Stack trace:
#0 /Users/usuario/Desktop/facebookTaller/yii-1.1.13.e9e4a0/framework/web/CController.php(263): GiiModule->beforeControllerAction(Object(DefaultController), Object(CInlineAction))
#1 /Users/usuario/Desktop/facebookTaller/yii-1.1.13.e9e4a0/framework/web/CWebApplication.php(282): CController->run('')
#2 /Users/usuario/Desktop/facebookTaller/yii-1.1.13.e9e4a0/framework/web/CWebApplication.php(141): CWebApplication->runController('gii')
#3 /Users/usuario/Desktop/facebookTaller/yii-1.1.13.e9e4a0/framework/base/CApplication.php(169): CWebApplication->processRequest()
#4 /Users/usuario/Desktop/facebookTaller/hackaton/index.php(13): CApplication->run()
#5 {main}
REQUEST_URI=/index.php?r=gii
---
2013/10/05 03:46:19 [error] [exception.CHttpException.403] exception 'CHttpException' with message 'You are not allowed to access this page.' in /Users/usuario/Desktop/facebookTaller/yii-1.1.13.e9e4a0/framework/gii/GiiModule.php:168
Stack trace:
#0 /Users/usuario/Desktop/facebookTaller/yii-1.1.13.e9e4a0/framework/web/CController.php(263): GiiModule->beforeControllerAction(Object(DefaultController), Object(CInlineAction))
#1 /Users/usuario/Desktop/facebookTaller/yii-1.1.13.e9e4a0/framework/web/CWebApplication.php(282): CController->run('')
#2 /Users/usuario/Desktop/facebookTaller/yii-1.1.13.e9e4a0/framework/web/CWebApplication.php(141): CWebApplication->runController('gii')
#3 /Users/usuario/Desktop/facebookTaller/yii-1.1.13.e9e4a0/framework/base/CApplication.php(169): CWebApplication->processRequest()
#4 /Users/usuario/Desktop/facebookTaller/hackaton/index.php(13): CApplication->run()
#5 {main}
REQUEST_URI=/index.php?r=gii
---
2013/10/05 03:46:25 [error] [exception.CHttpException.403] exception 'CHttpException' with message 'You are not allowed to access this page.' in /Users/usuario/Desktop/facebookTaller/yii-1.1.13.e9e4a0/framework/gii/GiiModule.php:168
Stack trace:
#0 /Users/usuario/Desktop/facebookTaller/yii-1.1.13.e9e4a0/framework/web/CController.php(263): GiiModule->beforeControllerAction(Object(DefaultController), Object(CInlineAction))
#1 /Users/usuario/Desktop/facebookTaller/yii-1.1.13.e9e4a0/framework/web/CWebApplication.php(282): CController->run('')
#2 /Users/usuario/Desktop/facebookTaller/yii-1.1.13.e9e4a0/framework/web/CWebApplication.php(141): CWebApplication->runController('gii')
#3 /Users/usuario/Desktop/facebookTaller/yii-1.1.13.e9e4a0/framework/base/CApplication.php(169): CWebApplication->processRequest()
#4 /Users/usuario/Desktop/facebookTaller/hackaton/index.php(13): CApplication->run()
#5 {main}
REQUEST_URI=/?r=gii
---
2013/10/05 03:46:59 [error] [exception.CHttpException.403] exception 'CHttpException' with message 'You are not allowed to access this page.' in /Users/usuario/Desktop/facebookTaller/yii-1.1.13.e9e4a0/framework/gii/GiiModule.php:168
Stack trace:
#0 /Users/usuario/Desktop/facebookTaller/yii-1.1.13.e9e4a0/framework/web/CController.php(263): GiiModule->beforeControllerAction(Object(DefaultController), Object(CInlineAction))
#1 /Users/usuario/Desktop/facebookTaller/yii-1.1.13.e9e4a0/framework/web/CWebApplication.php(282): CController->run('')
#2 /Users/usuario/Desktop/facebookTaller/yii-1.1.13.e9e4a0/framework/web/CWebApplication.php(141): CWebApplication->runController('gii')
#3 /Users/usuario/Desktop/facebookTaller/yii-1.1.13.e9e4a0/framework/base/CApplication.php(169): CWebApplication->processRequest()
#4 /Users/usuario/Desktop/facebookTaller/hackaton/index.php(13): CApplication->run()
#5 {main}
REQUEST_URI=/index.php?r=gii
---
2013/10/05 03:47:11 [error] [exception.CHttpException.403] exception 'CHttpException' with message 'You are not allowed to access this page.' in /Users/usuario/Desktop/facebookTaller/yii-1.1.13.e9e4a0/framework/gii/GiiModule.php:168
Stack trace:
#0 /Users/usuario/Desktop/facebookTaller/yii-1.1.13.e9e4a0/framework/web/CController.php(263): GiiModule->beforeControllerAction(Object(DefaultController), Object(CInlineAction))
#1 /Users/usuario/Desktop/facebookTaller/yii-1.1.13.e9e4a0/framework/web/CWebApplication.php(282): CController->run('')
#2 /Users/usuario/Desktop/facebookTaller/yii-1.1.13.e9e4a0/framework/web/CWebApplication.php(141): CWebApplication->runController('gii')
#3 /Users/usuario/Desktop/facebookTaller/yii-1.1.13.e9e4a0/framework/base/CApplication.php(169): CWebApplication->processRequest()
#4 /Users/usuario/Desktop/facebookTaller/hackaton/index.php(13): CApplication->run()
#5 {main}
REQUEST_URI=/index.php?r=gii
---
2013/10/05 03:47:12 [error] [exception.CHttpException.403] exception 'CHttpException' with message 'You are not allowed to access this page.' in /Users/usuario/Desktop/facebookTaller/yii-1.1.13.e9e4a0/framework/gii/GiiModule.php:168
Stack trace:
#0 /Users/usuario/Desktop/facebookTaller/yii-1.1.13.e9e4a0/framework/web/CController.php(263): GiiModule->beforeControllerAction(Object(DefaultController), Object(CInlineAction))
#1 /Users/usuario/Desktop/facebookTaller/yii-1.1.13.e9e4a0/framework/web/CWebApplication.php(282): CController->run('')
#2 /Users/usuario/Desktop/facebookTaller/yii-1.1.13.e9e4a0/framework/web/CWebApplication.php(141): CWebApplication->runController('gii')
#3 /Users/usuario/Desktop/facebookTaller/yii-1.1.13.e9e4a0/framework/base/CApplication.php(169): CWebApplication->processRequest()
#4 /Users/usuario/Desktop/facebookTaller/hackaton/index.php(13): CApplication->run()
#5 {main}
REQUEST_URI=/index.php?r=gii
---
2013/10/05 03:47:12 [error] [exception.CHttpException.403] exception 'CHttpException' with message 'You are not allowed to access this page.' in /Users/usuario/Desktop/facebookTaller/yii-1.1.13.e9e4a0/framework/gii/GiiModule.php:168
Stack trace:
#0 /Users/usuario/Desktop/facebookTaller/yii-1.1.13.e9e4a0/framework/web/CController.php(263): GiiModule->beforeControllerAction(Object(DefaultController), Object(CInlineAction))
#1 /Users/usuario/Desktop/facebookTaller/yii-1.1.13.e9e4a0/framework/web/CWebApplication.php(282): CController->run('')
#2 /Users/usuario/Desktop/facebookTaller/yii-1.1.13.e9e4a0/framework/web/CWebApplication.php(141): CWebApplication->runController('gii')
#3 /Users/usuario/Desktop/facebookTaller/yii-1.1.13.e9e4a0/framework/base/CApplication.php(169): CWebApplication->processRequest()
#4 /Users/usuario/Desktop/facebookTaller/hackaton/index.php(13): CApplication->run()
#5 {main}
REQUEST_URI=/index.php?r=gii
---
2013/10/05 03:48:01 [error] [exception.CHttpException.403] exception 'CHttpException' with message 'You are not allowed to access this page.' in /Users/usuario/Desktop/facebookTaller/yii-1.1.13.e9e4a0/framework/gii/GiiModule.php:168
Stack trace:
#0 /Users/usuario/Desktop/facebookTaller/yii-1.1.13.e9e4a0/framework/web/CController.php(263): GiiModule->beforeControllerAction(Object(DefaultController), Object(CInlineAction))
#1 /Users/usuario/Desktop/facebookTaller/yii-1.1.13.e9e4a0/framework/web/CWebApplication.php(282): CController->run('')
#2 /Users/usuario/Desktop/facebookTaller/yii-1.1.13.e9e4a0/framework/web/CWebApplication.php(141): CWebApplication->runController('gii')
#3 /Users/usuario/Desktop/facebookTaller/yii-1.1.13.e9e4a0/framework/base/CApplication.php(169): CWebApplication->processRequest()
#4 /Users/usuario/Desktop/facebookTaller/hackaton/index.php(13): CApplication->run()
#5 {main}
REQUEST_URI=/index.php?r=gii
---
2013/10/05 03:48:02 [error] [exception.CHttpException.403] exception 'CHttpException' with message 'You are not allowed to access this page.' in /Users/usuario/Desktop/facebookTaller/yii-1.1.13.e9e4a0/framework/gii/GiiModule.php:168
Stack trace:
#0 /Users/usuario/Desktop/facebookTaller/yii-1.1.13.e9e4a0/framework/web/CController.php(263): GiiModule->beforeControllerAction(Object(DefaultController), Object(CInlineAction))
#1 /Users/usuario/Desktop/facebookTaller/yii-1.1.13.e9e4a0/framework/web/CWebApplication.php(282): CController->run('')
#2 /Users/usuario/Desktop/facebookTaller/yii-1.1.13.e9e4a0/framework/web/CWebApplication.php(141): CWebApplication->runController('gii')
#3 /Users/usuario/Desktop/facebookTaller/yii-1.1.13.e9e4a0/framework/base/CApplication.php(169): CWebApplication->processRequest()
#4 /Users/usuario/Desktop/facebookTaller/hackaton/index.php(13): CApplication->run()
#5 {main}
REQUEST_URI=/index.php?r=gii
---
2013/10/05 03:49:05 [error] [exception.CDbException] exception 'CDbException' with message 'CDbConnection failed to open the DB connection: SQLSTATE[HY000] [1045] Access denied for user 'root'@'localhost' (using password: YES)' in /Users/usuario/Desktop/facebookTaller/yii-1.1.13.e9e4a0/framework/db/CDbConnection.php:381
Stack trace:
#0 /Users/usuario/Desktop/facebookTaller/yii-1.1.13.e9e4a0/framework/db/CDbConnection.php(330): CDbConnection->open()
#1 /Users/usuario/Desktop/facebookTaller/yii-1.1.13.e9e4a0/framework/db/CDbConnection.php(308): CDbConnection->setActive(true)
#2 /Users/usuario/Desktop/facebookTaller/yii-1.1.13.e9e4a0/framework/base/CModule.php(387): CDbConnection->init()
#3 /Users/usuario/Desktop/facebookTaller/yii-1.1.13.e9e4a0/framework/base/CModule.php(103): CModule->getComponent('db')
#4 /Users/usuario/Desktop/facebookTaller/yii-1.1.13.e9e4a0/framework/gii/generators/model/ModelCode.php(57): CModule->__get('db')
#5 /Users/usuario/Desktop/facebookTaller/yii-1.1.13.e9e4a0/framework/web/CFormModel.php(39): ModelCode->init()
#6 /Users/usuario/Desktop/facebookTaller/yii-1.1.13.e9e4a0/framework/gii/CCodeGenerator.php(153): CFormModel->__construct()
#7 /Users/usuario/Desktop/facebookTaller/yii-1.1.13.e9e4a0/framework/gii/CCodeGenerator.php(63): CCodeGenerator->prepare()
#8 /Users/usuario/Desktop/facebookTaller/yii-1.1.13.e9e4a0/framework/web/actions/CInlineAction.php(49): CCodeGenerator->actionIndex()
#9 /Users/usuario/Desktop/facebookTaller/yii-1.1.13.e9e4a0/framework/web/CController.php(308): CInlineAction->runWithParams(Array)
#10 /Users/usuario/Desktop/facebookTaller/yii-1.1.13.e9e4a0/framework/web/CController.php(286): CController->runAction(Object(CInlineAction))
#11 /Users/usuario/Desktop/facebookTaller/yii-1.1.13.e9e4a0/framework/web/CController.php(265): CController->runActionWithFilters(Object(CInlineAction), Array)
#12 /Users/usuario/Desktop/facebookTaller/yii-1.1.13.e9e4a0/framework/web/CWebApplication.php(282): CController->run('')
#13 /Users/usuario/Desktop/facebookTaller/yii-1.1.13.e9e4a0/framework/web/CWebApplication.php(141): CWebApplication->runController('gii/model')
#14 /Users/usuario/Desktop/facebookTaller/yii-1.1.13.e9e4a0/framework/base/CApplication.php(169): CWebApplication->processRequest()
#15 /Users/usuario/Desktop/facebookTaller/hackaton/index.php(13): CApplication->run()
#16 {main}
REQUEST_URI=/index.php?r=gii/model
HTTP_REFERER=http://localhost:4040/index.php?r=gii/default/index
---
2013/10/05 03:49:27 [error] [exception.CDbException] exception 'CDbException' with message 'CDbConnection failed to open the DB connection: SQLSTATE[HY000] [1049] Unknown database 'beermeup'' in /Users/usuario/Desktop/facebookTaller/yii-1.1.13.e9e4a0/framework/db/CDbConnection.php:381
Stack trace:
#0 /Users/usuario/Desktop/facebookTaller/yii-1.1.13.e9e4a0/framework/db/CDbConnection.php(330): CDbConnection->open()
#1 /Users/usuario/Desktop/facebookTaller/yii-1.1.13.e9e4a0/framework/db/CDbConnection.php(308): CDbConnection->setActive(true)
#2 /Users/usuario/Desktop/facebookTaller/yii-1.1.13.e9e4a0/framework/base/CModule.php(387): CDbConnection->init()
#3 /Users/usuario/Desktop/facebookTaller/yii-1.1.13.e9e4a0/framework/base/CModule.php(103): CModule->getComponent('db')
#4 /Users/usuario/Desktop/facebookTaller/yii-1.1.13.e9e4a0/framework/gii/generators/model/ModelCode.php(57): CModule->__get('db')
#5 /Users/usuario/Desktop/facebookTaller/yii-1.1.13.e9e4a0/framework/web/CFormModel.php(39): ModelCode->init()
#6 /Users/usuario/Desktop/facebookTaller/yii-1.1.13.e9e4a0/framework/gii/CCodeGenerator.php(153): CFormModel->__construct()
#7 /Users/usuario/Desktop/facebookTaller/yii-1.1.13.e9e4a0/framework/gii/CCodeGenerator.php(63): CCodeGenerator->prepare()
#8 /Users/usuario/Desktop/facebookTaller/yii-1.1.13.e9e4a0/framework/web/actions/CInlineAction.php(49): CCodeGenerator->actionIndex()
#9 /Users/usuario/Desktop/facebookTaller/yii-1.1.13.e9e4a0/framework/web/CController.php(308): CInlineAction->runWithParams(Array)
#10 /Users/usuario/Desktop/facebookTaller/yii-1.1.13.e9e4a0/framework/web/CController.php(286): CController->runAction(Object(CInlineAction))
#11 /Users/usuario/Desktop/facebookTaller/yii-1.1.13.e9e4a0/framework/web/CController.php(265): CController->runActionWithFilters(Object(CInlineAction), Array)
#12 /Users/usuario/Desktop/facebookTaller/yii-1.1.13.e9e4a0/framework/web/CWebApplication.php(282): CController->run('')
#13 /Users/usuario/Desktop/facebookTaller/yii-1.1.13.e9e4a0/framework/web/CWebApplication.php(141): CWebApplication->runController('gii/model')
#14 /Users/usuario/Desktop/facebookTaller/yii-1.1.13.e9e4a0/framework/base/CApplication.php(169): CWebApplication->processRequest()
#15 /Users/usuario/Desktop/facebookTaller/hackaton/index.php(13): CApplication->run()
#16 {main}
REQUEST_URI=/index.php?r=gii/model
HTTP_REFERER=http://localhost:4040/index.php?r=gii/default/index
---
2013/10/05 04:21:53 [error] [exception.CHttpException.403] exception 'CHttpException' with message 'You are not allowed to access this page.' in /Users/usuario/Desktop/facebookTaller/yii-1.1.13.e9e4a0/framework/gii/GiiModule.php:168
Stack trace:
#0 /Users/usuario/Desktop/facebookTaller/yii-1.1.13.e9e4a0/framework/web/CController.php(263): GiiModule->beforeControllerAction(Object(DefaultController), Object(CInlineAction))
#1 /Users/usuario/Desktop/facebookTaller/yii-1.1.13.e9e4a0/framework/web/CWebApplication.php(282): CController->run('')
#2 /Users/usuario/Desktop/facebookTaller/yii-1.1.13.e9e4a0/framework/web/CWebApplication.php(141): CWebApplication->runController('gii')
#3 /Users/usuario/Desktop/facebookTaller/yii-1.1.13.e9e4a0/framework/base/CApplication.php(169): CWebApplication->processRequest()
#4 /Users/usuario/Desktop/facebookTaller/hackaton/beerPlace/servidor/index.php(13): CApplication->run()
#5 {main}
REQUEST_URI=/index.php?r=gii
---
